Nov 08, 2023 5:17:07 PM registry.Logging logging
INFO: New service registered: test localhost:8000
Nov 25, 2023 10:11:03 PM registry.Logging logging
INFO: New service registered: test localhost:8000
Nov 26, 2023 12:42:10 AM registry.Logging logging
INFO: New service registered: test localhost:8000
Nov 26, 2023 1:07:35 AM registry.Logging logging
INFO: New service registered: test localhost:8000
Nov 26, 2023 12:31:25 PM registry.Logging logging
INFO: New service registered: test localhost:8000
Nov 26, 2023 12:43:43 PM registry.Logging logging
INFO: New service registered: test localhost:8000
Nov 26, 2023 12:44:02 PM registry.Logging logging
INFO: New service registered: test localhost:8000
Nov 26, 2023 12:59:13 PM registry.Logging logging
INFO: New service registered: test localhost:8000
Nov 26, 2023 12:59:31 PM registry.Logging logging
INFO: New service registered: test localhost:8000
Nov 26, 2023 1:21:15 PM registry.Logging logging
INFO: New service registered: test localhost:8000
Nov 26, 2023 1:21:28 PM registry.Logging logging
INFO: New service registered: test localhost:8000
Nov 26, 2023 1:22:29 PM registry.Logging logging
INFO: New service registered: test localhost:8000
Nov 26, 2023 1:28:01 PM registry.Logging logging
INFO: New service registered: test localhost:8000
Nov 26, 2023 1:28:20 PM registry.Logging logging
INFO: New service registered: test localhost:8000
Nov 26, 2023 1:42:53 PM registry.Logging logging
INFO: New service registered: test localhost:8000
Nov 26, 2023 1:46:29 PM registry.Logging logging
INFO: New service registered: test localhost:8000
Nov 26, 2023 1:46:39 PM registry.Logging logging
INFO: New service registered: test localhost:8000
Nov 26, 2023 1:47:36 PM registry.Logging logging
INFO: New service registered: amehlhas localhost:8880
Nov 26, 2023 2:03:34 PM registry.Logging logging
INFO: New service registered: Victor localhost:8000
Nov 26, 2023 2:08:39 PM registry.Logging logging
INFO: New service registered: Victor localhost:8000
Nov 26, 2023 2:28:03 PM registry.Logging logging
INFO: New service registered: Victor localhost:8000
Nov 26, 2023 3:01:30 PM registry.Logging logging
INFO: New service registered: Victor localhost:8000
Nov 26, 2023 3:09:40 PM registry.Logging logging
INFO: New service registered: Victor localhost:8000
Nov 26, 2023 3:30:49 PM registry.Logging logging
INFO: New service registered: Victor localhost:8000
Nov 26, 2023 4:46:12 PM registry.Logging logging
INFO: New service registered: test localhost:8000
Nov 26, 2023 4:55:44 PM registry.Logging logging
INFO: New service registered: test localhost:8000
Nov 26, 2023 4:56:34 PM registry.Logging logging
INFO: New service registered: test localhost:8000
Nov 26, 2023 4:56:54 PM registry.Logging logging
INFO: New service registered: Victor localhost:8000
Nov 27, 2023 1:11:27 AM registry.Logging logging
INFO: New service registered: Victor localhost:8000
